<?xml version="1.0" encoding="UTF-8"?>
<testsuite name="SendMail"
           tests="20"
           failures="0"
           errors="0"
           skipped="0"
           time="32,954">
  <properties />
  
  
            <testcase name="checkoutboxtest" time="1,764" classname="SendEMailTest.SendMailTest" />
                <testcase name="sendmailtest" time="3,138" classname="SendEMailTest.SendMailTest" />
                <testcase name="sendmailtest" time="3,182" classname="SendEMailTest.SendMailTest" />
                <testcase name="savetoDB" time="1,214" classname="SendEMailTest.SendMailTest" />
                <testcase name="checkoutboxtest" time="1,729" classname="SendEMailTest.SendMailTest" />
                <testcase name="checkinboxtest" time="2,606" classname="SendEMailTest.SendMailTest" />
                <testcase name="savetoDB" time="0,012" classname="SendEMailTest.SendMailTest" />
                <testcase name="savetofile" time="0,014" classname="SendEMailTest.SendMailTest" />
                <testcase name="sendmailtest" time="3,322" classname="SendEMailTest.SendMailTest" />
                <testcase name="checkinboxtest" time="4,262" classname="SendEMailTest.SendMailTest" />
                <testcase name="savetofile" time="0,004" classname="SendEMailTest.SendMailTest" />
                <testcase name="sendmailtest" time="3,129" classname="SendEMailTest.SendMailTest" />
                <testcase name="checkinboxtest" time="1,761" classname="SendEMailTest.SendMailTest" />
                <testcase name="savetoDB" time="0,012" classname="SendEMailTest.SendMailTest" />
                <testcase name="checkinboxtest" time="3,196" classname="SendEMailTest.SendMailTest" />
                <testcase name="savetoDB" time="0,011" classname="SendEMailTest.SendMailTest" />
                <testcase name="checkoutboxtest" time="1,797" classname="SendEMailTest.SendMailTest" />
                <testcase name="savetofile" time="0,002" classname="SendEMailTest.SendMailTest" />
                <testcase name="savetofile" time="0,006" classname="SendEMailTest.SendMailTest" />
                <testcase name="checkoutboxtest" time="1,793" classname="SendEMailTest.SendMailTest" />
      
</testsuite>
